  ContinuumEngine.cpp
  Camera.cpp
  KeyboardEventListener.cpp
  Debug.cpp
  Main.cpp
  Window.cpp
  Timer.cpp
  MouseEventListener.cpp
c:\users\ariel\desktop\git\arieandel\continuumengine_v0.00\continuumengine_v0.00\continuumengine_v0.00\engine\framework\eventlistener\mouseeventlistener.cpp(72): warning C4244: '=': conversion from 'T' to 'int', possible loss of data
          with
          [
              T=float
          ]
  EventListener.cpp
  LightSource.cpp
  ShaderHandler.cpp
  TextureHandler.cpp
c:\users\ariel\desktop\git\arieandel\continuumengine_v0.00\continuumengine_v0.00\continuumengine_v0.00\engine\renderer\graphics\texturehandler.cpp(54): warning C4244: '=': conversion from 'int' to 'float', possible loss of data
c:\users\ariel\desktop\git\arieandel\continuumengine_v0.00\continuumengine_v0.00\continuumengine_v0.00\engine\renderer\graphics\texturehandler.cpp(55): warning C4244: '=': conversion from 'int' to 'float', possible loss of data
  GameObject.cpp
  LoadOBJModel.cpp
c:\users\ariel\desktop\git\arieandel\continuumengine_v0.00\continuumengine_v0.00\continuumengine_v0.00\engine\renderer\gameobject\loadobjmodel.cpp(48): warning C4244: '=': conversion from 'double' to 'float', possible loss of data
c:\users\ariel\desktop\git\arieandel\continuumengine_v0.00\continuumengine_v0.00\continuumengine_v0.00\engine\renderer\gameobject\loadobjmodel.cpp(51): warning C4244: '=': conversion from 'double' to 'float', possible loss of data
c:\users\ariel\desktop\git\arieandel\continuumengine_v0.00\continuumengine_v0.00\continuumengine_v0.00\engine\renderer\gameobject\loadobjmodel.cpp(54): warning C4244: '=': conversion from 'double' to 'float', possible loss of data
c:\users\ariel\desktop\git\arieandel\continuumengine_v0.00\continuumengine_v0.00\continuumengine_v0.00\engine\renderer\gameobject\loadobjmodel.cpp(57): warning C4244: '=': conversion from 'double' to 'float', possible loss of data
c:\users\ariel\desktop\git\arieandel\continuumengine_v0.00\continuumengine_v0.00\continuumengine_v0.00\engine\renderer\gameobject\loadobjmodel.cpp(60): warning C4244: '=': conversion from 'double' to 'float', possible loss of data
c:\users\ariel\desktop\git\arieandel\continuumengine_v0.00\continuumengine_v0.00\continuumengine_v0.00\engine\renderer\gameobject\loadobjmodel.cpp(63): warning C4244: '=': conversion from 'double' to 'float', possible loss of data
c:\users\ariel\desktop\git\arieandel\continuumengine_v0.00\continuumengine_v0.00\continuumengine_v0.00\engine\renderer\gameobject\loadobjmodel.cpp(90): warning C4018: '<': signed/unsigned mismatch
  Mesh.cpp
c:\users\ariel\desktop\git\arieandel\continuumengine_v0.00\continuumengine_v0.00\continuumengine_v0.00\engine\renderer\gameobject\mesh.cpp(147): warning C4018: '<': signed/unsigned mismatch
c:\users\ariel\desktop\git\arieandel\continuumengine_v0.00\continuumengine_v0.00\continuumengine_v0.00\engine\renderer\gameobject\mesh.cpp(152): warning C4018: '<': signed/unsigned mismatch
c:\users\ariel\desktop\git\arieandel\continuumengine_v0.00\continuumengine_v0.00\continuumengine_v0.00\engine\renderer\gameobject\mesh.cpp(186): warning C4018: '<': signed/unsigned mismatch
c:\users\ariel\desktop\git\arieandel\continuumengine_v0.00\continuumengine_v0.00\continuumengine_v0.00\engine\renderer\gameobject\mesh.cpp(198): warning C4018: '<': signed/unsigned mismatch
  Model.cpp
c:\users\ariel\desktop\git\arieandel\continuumengine_v0.00\continuumengine_v0.00\continuumengine_v0.00\engine\renderer\gameobject\model.cpp(86): warning C4018: '<': signed/unsigned mismatch
  Game.cpp
  ParticleSystem.cpp
c:\users\ariel\desktop\git\arieandel\continuumengine_v0.00\continuumengine_v0.00\continuumengine_v0.00\engine\globalelements\cgfx\particlesystem.cpp(85): warning C4244: '=': conversion from 'double' to 'T', possible loss of data
          with
          [
              T=float
          ]
c:\users\ariel\desktop\git\arieandel\continuumengine_v0.00\continuumengine_v0.00\continuumengine_v0.00\engine\globalelements\cgfx\particlesystem.cpp(105): warning C4244: 'argument': conversion from 'double' to 'float', possible loss of data
  MaterialHandler.cpp
  RenderMachine.cpp
c:\users\ariel\desktop\git\arieandel\continuumengine_v0.00\continuumengine_v0.00\continuumengine_v0.00\engine\renderer\graphics\rendermachine.cpp(40): warning C4018: '<': signed/unsigned mismatch
c:\users\ariel\desktop\git\arieandel\continuumengine_v0.00\continuumengine_v0.00\continuumengine_v0.00\engine\renderer\graphics\rendermachine.cpp(61): warning C4018: '<': signed/unsigned mismatch
c:\users\ariel\desktop\git\arieandel\continuumengine_v0.00\continuumengine_v0.00\continuumengine_v0.00\engine\renderer\graphics\rendermachine.cpp(86): warning C4018: '<': signed/unsigned mismatch
  Generating Code...
c:\users\ariel\desktop\git\arieandel\continuumengine_v0.00\continuumengine_v0.00\continuumengine_v0.00\engine\globalelements\timer.cpp(32): warning C4715: 'Timer::GetSleepTime': not all control paths return a value
  Compiling...
  Skybox.cpp
  Generating Code...
  ContinuumEngine_v0.00.vcxproj -> C:\Users\Ariel\Desktop\Git\Arieandel\ContinuumEngine_v0.00\ContinuumEngine_v0.00\Debug\ContinuumEngine_v0.00.exe
