17/04/2019 02:51:35 (Std) 	+-+-+-+-+-+-+-+-+-+-+-+-+-+-+-+-+-+-+-+-+-+-+-+-+-+-+-+-+-+-+-+-+-+-+-+-+-+-+-+
17/04/2019 02:51:35 (Std) 	+                     Crazy Eddie's GUI System - Event log                    +
17/04/2019 02:51:35 (Std) 	+                          (http://www.cegui.org.uk/)                         +
17/04/2019 02:51:35 (Std) 	+-+-+-+-+-+-+-+-+-+-+-+-+-+-+-+-+-+-+-+-+-+-+-+-+-+-+-+-+-+-+-+-+-+-+-+-+-+-+-+

17/04/2019 02:51:35 (Std) 	CEGUI::Logger singleton created. (08B1A340)
17/04/2019 02:51:36 (Std) 	
17/04/2019 02:51:36 (Std) 	********************************************************************************
17/04/2019 02:51:36 (Std) 	* Important:                                                                   *
17/04/2019 02:51:36 (Std) 	*     To get support at the CEGUI forums, you must post _at least_ the section *
17/04/2019 02:51:36 (Std) 	*     of this log file indicated below.  Failure to do this will result in no  *
17/04/2019 02:51:36 (Std) 	*     support being given; please do not waste our time.                       *
17/04/2019 02:51:36 (Std) 	********************************************************************************
17/04/2019 02:51:36 (Std) 	********************************************************************************
17/04/2019 02:51:36 (Std) 	* -------- START OF ESSENTIAL SECTION TO BE POSTED ON THE FORUM       -------- *
17/04/2019 02:51:36 (Std) 	********************************************************************************
17/04/2019 02:51:36 (Std) 	---- Version: 0.8.7 (Build: Apr 10 2019 Debug Microsoft Windows MSVC++ Unknown MSVC++ version 32 bit) ----
17/04/2019 02:51:36 (Std) 	---- Renderer module is: CEGUI::OpenGL3Renderer - Official OpenGL 3.2 core based renderer module.  TextureTarget support enabled via FBO OGL 3.2 core implementation. ----
17/04/2019 02:51:36 (Std) 	---- XML Parser module is: CEGUI::ExpatParser - Official expat based parser module for CEGUI ----
17/04/2019 02:51:36 (Std) 	---- Image Codec module is: SILLYImageCodec - Official SILLY based image codec ----
17/04/2019 02:51:36 (Std) 	---- Scripting module is: None ----
17/04/2019 02:51:36 (Std) 	********************************************************************************
17/04/2019 02:51:36 (Std) 	* -------- END OF ESSENTIAL SECTION TO BE POSTED ON THE FORUM         -------- *
17/04/2019 02:51:36 (Std) 	********************************************************************************
17/04/2019 02:51:36 (Std) 	
17/04/2019 02:51:36 (Std) 	---- Begining CEGUI System initialisation ----
17/04/2019 02:51:36 (Std) 	[CEGUI::ImageManager] Singleton created (08AA6500)
17/04/2019 02:51:36 (Std) 	[CEGUI::ImageManager] Registered Image type: BasicImage
17/04/2019 02:51:36 (Std) 	CEGUI::FontManager singleton created. (03537CE0)
17/04/2019 02:51:36 (Std) 	CEGUI::WindowFactoryManager singleton created
17/04/2019 02:51:36 (Std) 	CEGUI::WindowManager singleton created (03588878)
17/04/2019 02:51:36 (Std) 	CEGUI::SchemeManager singleton created. (03536AC0)
17/04/2019 02:51:36 (Std) 	CEGUI::GlobalEventSet singleton created. (08B19B98)
17/04/2019 02:51:36 (Std) 	CEGUI::AnimationManager singleton created (006748C8)
17/04/2019 02:51:36 (Std) 	CEGUI::WidgetLookManager singleton created. (08AA8EA8)
17/04/2019 02:51:36 (Std) 	CEGUI::WindowRendererManager singleton created (08AA8F68)
17/04/2019 02:51:36 (Std) 	CEGUI::RenderEffectManager singleton created (08B19C70)
17/04/2019 02:51:36 (Std) 	Created WindowFactory for 'DefaultWindow' windows.
17/04/2019 02:51:36 (Std) 	WindowFactory for 'DefaultWindow' windows added. (08BC7798)
17/04/2019 02:51:36 (Std) 	Created WindowFactory for 'DragContainer' windows.
17/04/2019 02:51:36 (Std) 	WindowFactory for 'DragContainer' windows added. (08BC80F8)
17/04/2019 02:51:36 (Std) 	Created WindowFactory for 'ScrolledContainer' windows.
17/04/2019 02:51:36 (Std) 	WindowFactory for 'ScrolledContainer' windows added. (08BC8418)
17/04/2019 02:51:36 (Std) 	Created WindowFactory for 'ClippedContainer' windows.
17/04/2019 02:51:36 (Std) 	WindowFactory for 'ClippedContainer' windows added. (08BC7DD8)
17/04/2019 02:51:36 (Std) 	Created WindowFactory for 'CEGUI/PushButton' windows.
17/04/2019 02:51:36 (Std) 	WindowFactory for 'CEGUI/PushButton' windows added. (08BC7608)
17/04/2019 02:51:36 (Std) 	Created WindowFactory for 'CEGUI/RadioButton' windows.
17/04/2019 02:51:36 (Std) 	WindowFactory for 'CEGUI/RadioButton' windows added. (08BC79F0)
17/04/2019 02:51:36 (Std) 	Created WindowFactory for 'CEGUI/Combobox' windows.
17/04/2019 02:51:36 (Std) 	WindowFactory for 'CEGUI/Combobox' windows added. (08BC7158)
17/04/2019 02:51:36 (Std) 	Created WindowFactory for 'CEGUI/ComboDropList' windows.
17/04/2019 02:51:36 (Std) 	WindowFactory for 'CEGUI/ComboDropList' windows added. (08BC7EA0)
17/04/2019 02:51:36 (Std) 	Created WindowFactory for 'CEGUI/Editbox' windows.
17/04/2019 02:51:36 (Std) 	WindowFactory for 'CEGUI/Editbox' windows added. (08BC6D70)
17/04/2019 02:51:36 (Std) 	Created WindowFactory for 'CEGUI/FrameWindow' windows.
17/04/2019 02:51:36 (Std) 	WindowFactory for 'CEGUI/FrameWindow' windows added. (08BC7F68)
17/04/2019 02:51:36 (Std) 	Created WindowFactory for 'CEGUI/ItemEntry' windows.
17/04/2019 02:51:36 (Std) 	WindowFactory for 'CEGUI/ItemEntry' windows added. (08BC8288)
17/04/2019 02:51:36 (Std) 	Created WindowFactory for 'CEGUI/Listbox' windows.
17/04/2019 02:51:36 (Std) 	WindowFactory for 'CEGUI/Listbox' windows added. (08BC7860)
17/04/2019 02:51:36 (Std) 	Created WindowFactory for 'CEGUI/ListHeader' windows.
17/04/2019 02:51:36 (Std) 	WindowFactory for 'CEGUI/ListHeader' windows added. (08BC8350)
17/04/2019 02:51:36 (Std) 	Created WindowFactory for 'CEGUI/ListHeaderSegment' windows.
17/04/2019 02:51:36 (Std) 	WindowFactory for 'CEGUI/ListHeaderSegment' windows added. (08BC7928)
17/04/2019 02:51:36 (Std) 	Created WindowFactory for 'CEGUI/Menubar' windows.
17/04/2019 02:51:36 (Std) 	WindowFactory for 'CEGUI/Menubar' windows added. (08BC7AB8)
17/04/2019 02:51:36 (Std) 	Created WindowFactory for 'CEGUI/PopupMenu' windows.
17/04/2019 02:51:36 (Std) 	WindowFactory for 'CEGUI/PopupMenu' windows added. (08BC7090)
17/04/2019 02:51:36 (Std) 	Created WindowFactory for 'CEGUI/MenuItem' windows.
17/04/2019 02:51:36 (Std) 	WindowFactory for 'CEGUI/MenuItem' windows added. (08BC6E38)
17/04/2019 02:51:36 (Std) 	Created WindowFactory for 'CEGUI/MultiColumnList' windows.
17/04/2019 02:51:36 (Std) 	WindowFactory for 'CEGUI/MultiColumnList' windows added. (08BC6F00)
17/04/2019 02:51:36 (Std) 	Created WindowFactory for 'CEGUI/MultiLineEditbox' windows.
17/04/2019 02:51:36 (Std) 	WindowFactory for 'CEGUI/MultiLineEditbox' windows added. (08BC7478)
17/04/2019 02:51:36 (Std) 	Created WindowFactory for 'CEGUI/ProgressBar' windows.
17/04/2019 02:51:36 (Std) 	WindowFactory for 'CEGUI/ProgressBar' windows added. (08BC7540)
17/04/2019 02:51:36 (Std) 	Created WindowFactory for 'CEGUI/ScrollablePane' windows.
17/04/2019 02:51:36 (Std) 	WindowFactory for 'CEGUI/ScrollablePane' windows added. (08BC8670)
17/04/2019 02:51:36 (Std) 	Created WindowFactory for 'CEGUI/Scrollbar' windows.
17/04/2019 02:51:36 (Std) 	WindowFactory for 'CEGUI/Scrollbar' windows added. (08BC8738)
17/04/2019 02:51:36 (Std) 	Created WindowFactory for 'CEGUI/Slider' windows.
17/04/2019 02:51:36 (Std) 	WindowFactory for 'CEGUI/Slider' windows added. (08BC8800)
17/04/2019 02:51:36 (Std) 	Created WindowFactory for 'CEGUI/Spinner' windows.
17/04/2019 02:51:36 (Std) 	WindowFactory for 'CEGUI/Spinner' windows added. (08BC88C8)
17/04/2019 02:51:36 (Std) 	Created WindowFactory for 'CEGUI/TabButton' windows.
17/04/2019 02:51:36 (Std) 	WindowFactory for 'CEGUI/TabButton' windows added. (08BC8990)
17/04/2019 02:51:36 (Std) 	Created WindowFactory for 'CEGUI/TabControl' windows.
17/04/2019 02:51:36 (Std) 	WindowFactory for 'CEGUI/TabControl' windows added. (08BC8A58)
17/04/2019 02:51:36 (Std) 	Created WindowFactory for 'CEGUI/Thumb' windows.
17/04/2019 02:51:36 (Std) 	WindowFactory for 'CEGUI/Thumb' windows added. (08BC8B20)
17/04/2019 02:51:36 (Std) 	Created WindowFactory for 'CEGUI/Titlebar' windows.
17/04/2019 02:51:36 (Std) 	WindowFactory for 'CEGUI/Titlebar' windows added. (08BC85A8)
17/04/2019 02:51:36 (Std) 	Created WindowFactory for 'CEGUI/ToggleButton' windows.
17/04/2019 02:51:36 (Std) 	WindowFactory for 'CEGUI/ToggleButton' windows added. (08AD1150)
17/04/2019 02:51:36 (Std) 	Created WindowFactory for 'CEGUI/Tooltip' windows.
17/04/2019 02:51:36 (Std) 	WindowFactory for 'CEGUI/Tooltip' windows added. (08AD1088)
17/04/2019 02:51:36 (Std) 	Created WindowFactory for 'CEGUI/ItemListbox' windows.
17/04/2019 02:51:36 (Std) 	WindowFactory for 'CEGUI/ItemListbox' windows added. (08AD0278)
17/04/2019 02:51:36 (Std) 	Created WindowFactory for 'CEGUI/GroupBox' windows.
17/04/2019 02:51:36 (Std) 	WindowFactory for 'CEGUI/GroupBox' windows added. (08AD08B8)
17/04/2019 02:51:36 (Std) 	Created WindowFactory for 'CEGUI/Tree' windows.
17/04/2019 02:51:36 (Std) 	WindowFactory for 'CEGUI/Tree' windows added. (08AD0E30)
17/04/2019 02:51:36 (Std) 	Created WindowFactory for 'LayoutCell' windows.
17/04/2019 02:51:36 (Std) 	WindowFactory for 'LayoutCell' windows added. (08AD0FC0)
17/04/2019 02:51:36 (Std) 	Created WindowFactory for 'HorizontalLayoutContainer' windows.
17/04/2019 02:51:36 (Std) 	WindowFactory for 'HorizontalLayoutContainer' windows added. (08AD0728)
17/04/2019 02:51:36 (Std) 	Created WindowFactory for 'VerticalLayoutContainer' windows.
17/04/2019 02:51:36 (Std) 	WindowFactory for 'VerticalLayoutContainer' windows added. (08AD0BD8)
17/04/2019 02:51:36 (Std) 	Created WindowFactory for 'GridLayoutContainer' windows.
17/04/2019 02:51:36 (Std) 	WindowFactory for 'GridLayoutContainer' windows added. (08AD07F0)
17/04/2019 02:51:36 (Std) 	CEGUI::System singleton created. (08C21C90)
17/04/2019 02:51:36 (Std) 	---- CEGUI System initialisation completed ----
17/04/2019 02:51:36 (Std) 	
17/04/2019 02:51:36 (Std) 	Started creation of Scheme from XML specification:
17/04/2019 02:51:36 (Std) 	---- CEGUI GUIScheme name: TaharezLook
17/04/2019 02:51:36 (Std) 	[ImageManager] Started creation of Imageset from XML specification:
17/04/2019 02:51:36 (Std) 	[ImageManager] ---- CEGUI Imageset name: TaharezLook
17/04/2019 02:51:36 (Std) 	[ImageManager] ---- Source texture file: TaharezLook.png
17/04/2019 02:51:36 (Std) 	[ImageManager] ---- Source texture resource group: (Default)
17/04/2019 02:51:36 (Std) 	[OpenGLRenderer] Created texture: TaharezLook
17/04/2019 02:51:36 (Std) 	[ImageManager] Created image: 'TaharezLook/ClientBrush' (0067A0C0) of type: BasicImage
17/04/2019 02:51:36 (Std) 	[ImageManager] Created image: 'TaharezLook/GenericBrush' (0067A638) of type: BasicImage
17/04/2019 02:51:36 (Std) 	[ImageManager] Created image: 'TaharezLook/WindowLeftEdge' (00679800) of type: BasicImage
17/04/2019 02:51:36 (Std) 	[ImageManager] Created image: 'TaharezLook/WindowRightEdge' (0067A2F0) of type: BasicImage
17/04/2019 02:51:36 (Std) 	[ImageManager] Created image: 'TaharezLook/WindowTopEdge' (00679C60) of type: BasicImage
17/04/2019 02:51:36 (Std) 	[ImageManager] Created image: 'TaharezLook/WindowBottomEdge' (00679D78) of type: BasicImage
17/04/2019 02:51:36 (Std) 	[ImageManager] Created image: 'TaharezLook/WindowTopLeft' (00679918) of type: BasicImage
17/04/2019 02:51:36 (Std) 	[ImageManager] Created image: 'TaharezLook/WindowTopRight' (00679A30) of type: BasicImage
17/04/2019 02:51:36 (Std) 	[ImageManager] Created image: 'TaharezLook/WindowBottomLeft' (00679E90) of type: BasicImage
17/04/2019 02:51:36 (Std) 	[ImageManager] Created image: 'TaharezLook/WindowBottomRight' (0067A1D8) of type: BasicImage
17/04/2019 02:51:36 (Std) 	[ImageManager] Created image: 'TaharezLook/ButtonLeftNormal' (00679FA8) of type: BasicImage
17/04/2019 02:51:36 (Std) 	[ImageManager] Created image: 'TaharezLook/ButtonMiddleNormal' (08C00278) of type: BasicImage
17/04/2019 02:51:36 (Std) 	[ImageManager] Created image: 'TaharezLook/ButtonRightNormal' (08BFEFE0) of type: BasicImage
17/04/2019 02:51:36 (Std) 	[ImageManager] Created image: 'TaharezLook/ButtonLeftPushed' (08BFF328) of type: BasicImage
17/04/2019 02:51:36 (Std) 	[ImageManager] Created image: 'TaharezLook/ButtonMiddlePushed' (08BFFD00) of type: BasicImage
17/04/2019 02:51:36 (Std) 	[ImageManager] Created image: 'TaharezLook/ButtonRightPushed' (08BFFE18) of type: BasicImage
17/04/2019 02:51:36 (Std) 	[ImageManager] Created image: 'TaharezLook/ButtonLeftHighlight' (08BFF558) of type: BasicImage
17/04/2019 02:51:36 (Std) 	[ImageManager] Created image: 'TaharezLook/ButtonMiddleHighlight' (08BFE3D8) of type: BasicImage
17/04/2019 02:51:36 (Std) 	[ImageManager] Created image: 'TaharezLook/ButtonRightHighlight' (08BFE950) of type: BasicImage
17/04/2019 02:51:36 (Std) 	[ImageManager] Created image: 'TaharezLook/CheckboxNormal' (08BFEA68) of type: BasicImage
17/04/2019 02:51:36 (Std) 	[ImageManager] Created image: 'TaharezLook/CheckboxHover' (08BFEEC8) of type: BasicImage
17/04/2019 02:51:36 (Std) 	[ImageManager] Created image: 'TaharezLook/CheckboxMark' (08BFF0F8) of type: BasicImage
17/04/2019 02:51:36 (Std) 	[ImageManager] Created image: 'TaharezLook/RadioButtonNormal' (08BFEB80) of type: BasicImage
17/04/2019 02:51:36 (Std) 	[ImageManager] Created image: 'TaharezLook/RadioButtonHover' (08BFF210) of type: BasicImage
17/04/2019 02:51:36 (Std) 	[ImageManager] Created image: 'TaharezLook/RadioButtonMark' (08BFF670) of type: BasicImage
17/04/2019 02:51:36 (Std) 	[ImageManager] Created image: 'TaharezLook/TitlebarLeft' (08BFFF30) of type: BasicImage
17/04/2019 02:51:36 (Std) 	[ImageManager] Created image: 'TaharezLook/TitlebarMiddle' (08C00048) of type: BasicImage
17/04/2019 02:51:36 (Std) 	[ImageManager] Created image: 'TaharezLook/TitlebarRight' (08BFEC98) of type: BasicImage
17/04/2019 02:51:36 (Std) 	[ImageManager] Created image: 'TaharezLook/NewTitlebarLeft' (08BFF788) of type: BasicImage
17/04/2019 02:51:36 (Std) 	[ImageManager] Created image: 'TaharezLook/NewTitlebarMiddle' (08BFFAD0) of type: BasicImage
17/04/2019 02:51:36 (Std) 	[ImageManager] Created image: 'TaharezLook/NewTitlebarRight' (08BFF440) of type: BasicImage
17/04/2019 02:51:36 (Std) 	[ImageManager] Created image: 'TaharezLook/SysAreaMiddle' (08BFF8A0) of type: BasicImage
17/04/2019 02:51:36 (Std) 	[ImageManager] Created image: 'TaharezLook/SysAreaRight' (08C00160) of type: BasicImage
17/04/2019 02:51:36 (Std) 	[ImageManager] Created image: 'TaharezLook/StaticLeft' (08BFE4F0) of type: BasicImage
17/04/2019 02:51:36 (Std) 	[ImageManager] Created image: 'TaharezLook/StaticRight' (08BFF9B8) of type: BasicImage
17/04/2019 02:51:36 (Std) 	[ImageManager] Created image: 'TaharezLook/StaticTop' (08BFFBE8) of type: BasicImage
17/04/2019 02:51:36 (Std) 	[ImageManager] Created image: 'TaharezLook/StaticBottom' (08BFEDB0) of type: BasicImage
17/04/2019 02:51:36 (Std) 	[ImageManager] Created image: 'TaharezLook/StaticTopLeft' (08BFE838) of type: BasicImage
17/04/2019 02:51:36 (Std) 	[ImageManager] Created image: 'TaharezLook/StaticTopRight' (08BFE608) of type: BasicImage
17/04/2019 02:51:36 (Std) 	[ImageManager] Created image: 'TaharezLook/StaticBottomLeft' (08BFE720) of type: BasicImage
17/04/2019 02:51:36 (Std) 	[ImageManager] Created image: 'TaharezLook/StaticBottomRight' (08B5E510) of type: BasicImage
17/04/2019 02:51:36 (Std) 	[ImageManager] Created image: 'TaharezLook/StaticBackdrop' (08B5D7F0) of type: BasicImage
17/04/2019 02:51:36 (Std) 	[ImageManager] Created image: 'TaharezLook/ProgressBarLeft' (08B5DE80) of type: BasicImage
17/04/2019 02:51:36 (Std) 	[ImageManager] Created image: 'TaharezLook/ProgressBarMiddle' (08B5EEE8) of type: BasicImage
17/04/2019 02:51:36 (Std) 	[ImageManager] Created image: 'TaharezLook/ProgressBarRight' (08B5EBA0) of type: BasicImage
17/04/2019 02:51:36 (Std) 	[ImageManager] Created image: 'TaharezLook/ProgressBarDimSegment' (08B5DA20) of type: BasicImage
17/04/2019 02:51:36 (Std) 	[ImageManager] Created image: 'TaharezLook/ProgressBarLitSegment' (08B5E970) of type: BasicImage
17/04/2019 02:51:36 (Std) 	[ImageManager] Created image: 'TaharezLook/EditBoxLeft' (08B5D908) of type: BasicImage
17/04/2019 02:51:36 (Std) 	[ImageManager] Created image: 'TaharezLook/EditBoxMiddle' (08B5E628) of type: BasicImage
17/04/2019 02:51:36 (Std) 	[ImageManager] Created image: 'TaharezLook/EditBoxRight' (08B5EDD0) of type: BasicImage
17/04/2019 02:51:36 (Std) 	[ImageManager] Created image: 'TaharezLook/EditBoxCaret' (08B5E1C8) of type: BasicImage
17/04/2019 02:51:36 (Std) 	[ImageManager] Created image: 'TaharezLook/SpinnerUpNormal' (08B5E2E0) of type: BasicImage
17/04/2019 02:51:36 (Std) 	[ImageManager] Created image: 'TaharezLook/SpinnerDownNormal' (08B5E740) of type: BasicImage
17/04/2019 02:51:36 (Std) 	[ImageManager] Created image: 'TaharezLook/SpinnerUpHover' (08B5D278) of type: BasicImage
17/04/2019 02:51:36 (Std) 	[ImageManager] Created image: 'TaharezLook/SpinnerDownHover' (08B5ECB8) of type: BasicImage
17/04/2019 02:51:36 (Std) 	[ImageManager] Created image: 'TaharezLook/TextSelectionBrush' (08B5D048) of type: BasicImage
17/04/2019 02:51:36 (Std) 	[ImageManager] Created image: 'TaharezLook/VertScrollTop' (08B5D5C0) of type: BasicImage
17/04/2019 02:51:36 (Std) 	[ImageManager] Created image: 'TaharezLook/VertScrollMiddle' (08B5E3F8) of type: BasicImage
17/04/2019 02:51:36 (Std) 	[ImageManager] Created image: 'TaharezLook/VertScrollBottom' (08B5D390) of type: BasicImage
17/04/2019 02:51:36 (Std) 	[ImageManager] Created image: 'TaharezLook/VertScrollBarSegment' (08B5DB38) of type: BasicImage
17/04/2019 02:51:36 (Std) 	[ImageManager] Created image: 'TaharezLook/VertScrollThumbNormal' (08B5E858) of type: BasicImage
17/04/2019 02:51:36 (Std) 	[ImageManager] Created image: 'TaharezLook/VertScrollThumbHover' (08B5EA88) of type: BasicImage
17/04/2019 02:51:36 (Std) 	[ImageManager] Created image: 'TaharezLook/VertScrollUpNormal' (08B5D160) of type: BasicImage
17/04/2019 02:51:36 (Std) 	[ImageManager] Created image: 'TaharezLook/VertScrollDownNormal' (08B5DF98) of type: BasicImage
17/04/2019 02:51:36 (Std) 	[ImageManager] Created image: 'TaharezLook/VertScrollUpHover' (08B5DC50) of type: BasicImage
17/04/2019 02:51:36 (Std) 	[ImageManager] Created image: 'TaharezLook/VertScrollDownHover' (08B5D4A8) of type: BasicImage
17/04/2019 02:51:36 (Std) 	[ImageManager] Created image: 'TaharezLook/MiniVertScrollBarSegment' (08B5D6D8) of type: BasicImage
17/04/2019 02:51:36 (Std) 	[ImageManager] Created image: 'TaharezLook/MiniVertScrollThumbNormal' (08B5DD68) of type: BasicImage
17/04/2019 02:51:36 (Std) 	[ImageManager] Created image: 'TaharezLook/MiniVertScrollThumbTopNormal' (08B5E0B0) of type: BasicImage
17/04/2019 02:51:36 (Std) 	[ImageManager] Created image: 'TaharezLook/MiniVertScrollThumbMiddleNormal' (08B64AA0) of type: BasicImage
17/04/2019 02:51:36 (Std) 	[ImageManager] Created image: 'TaharezLook/MiniVertScrollThumbBottomNormal' (08B64758) of type: BasicImage
17/04/2019 02:51:36 (Std) 	[ImageManager] Created image: 'TaharezLook/MiniVertScrollThumbTopHover' (08B63920) of type: BasicImage
17/04/2019 02:51:36 (Std) 	[ImageManager] Created image: 'TaharezLook/MiniVertScrollThumbMiddleHover' (08B64BB8) of type: BasicImage
17/04/2019 02:51:36 (Std) 	[ImageManager] Created image: 'TaharezLook/MiniVertScrollThumbBottomHover' (08B635D8) of type: BasicImage
17/04/2019 02:51:36 (Std) 	[ImageManager] Created image: 'TaharezLook/MiniVertScrollThumbHover' (08B64528) of type: BasicImage
17/04/2019 02:51:36 (Std) 	[ImageManager] Created image: 'TaharezLook/MiniVertScrollUpNormal' (08B64CD0) of type: BasicImage
17/04/2019 02:51:36 (Std) 	[ImageManager] Created image: 'TaharezLook/MiniVertScrollDownNormal' (08B64640) of type: BasicImage
17/04/2019 02:51:36 (Std) 	[ImageManager] Created image: 'TaharezLook/MiniVertScrollUpHover' (08B63D80) of type: BasicImage
17/04/2019 02:51:36 (Std) 	[ImageManager] Created image: 'TaharezLook/MiniVertScrollDownHover' (08B63A38) of type: BasicImage
17/04/2019 02:51:36 (Std) 	[ImageManager] Created image: 'TaharezLook/VertSliderBody' (08B642F8) of type: BasicImage
17/04/2019 02:51:36 (Std) 	[ImageManager] Created image: 'TaharezLook/VertSliderThumbNormal' (08B64DE8) of type: BasicImage
17/04/2019 02:51:36 (Std) 	[ImageManager] Created image: 'TaharezLook/VertSliderThumbHover' (08B63B50) of type: BasicImage
17/04/2019 02:51:36 (Std) 	[ImageManager] Created image: 'TaharezLook/MiniHorzScrollBarSegment' (08B636F0) of type: BasicImage
17/04/2019 02:51:36 (Std) 	[ImageManager] Created image: 'TaharezLook/MiniHorzScrollThumbNormal' (08B64870) of type: BasicImage
17/04/2019 02:51:36 (Std) 	[ImageManager] Created image: 'TaharezLook/MiniHorzScrollThumbLeftNormal' (08B633A8) of type: BasicImage
17/04/2019 02:51:36 (Std) 	[ImageManager] Created image: 'TaharezLook/MiniHorzScrollThumbMiddleNormal' (08B64988) of type: BasicImage
17/04/2019 02:51:36 (Std) 	[ImageManager] Created image: 'TaharezLook/MiniHorzScrollThumbRightNormal' (08B64F00) of type: BasicImage
17/04/2019 02:51:36 (Std) 	[ImageManager] Created image: 'TaharezLook/MiniHorzScrollThumbHover' (08B63C68) of type: BasicImage
17/04/2019 02:51:36 (Std) 	[ImageManager] Created image: 'TaharezLook/MiniHorzScrollThumbLeftHover' (08B63E98) of type: BasicImage
17/04/2019 02:51:36 (Std) 	[ImageManager] Created image: 'TaharezLook/MiniHorzScrollThumbMiddleHover' (08B63FB0) of type: BasicImage
17/04/2019 02:51:36 (Std) 	[ImageManager] Created image: 'TaharezLook/MiniHorzScrollThumbRightHover' (08B640C8) of type: BasicImage
17/04/2019 02:51:36 (Std) 	[ImageManager] Created image: 'TaharezLook/MiniHorzScrollLeftNormal' (08B641E0) of type: BasicImage
17/04/2019 02:51:36 (Std) 	[ImageManager] Created image: 'TaharezLook/MiniHorzScrollRightNormal' (08B63808) of type: BasicImage
17/04/2019 02:51:36 (Std) 	[ImageManager] Created image: 'TaharezLook/MiniHorzScrollLeftHover' (08B63290) of type: BasicImage
17/04/2019 02:51:36 (Std) 	[ImageManager] Created image: 'TaharezLook/MiniHorzScrollRightHover' (08B63060) of type: BasicImage
17/04/2019 02:51:36 (Std) 	[ImageManager] Created image: 'TaharezLook/ListboxLeft' (08B64410) of type: BasicImage
17/04/2019 02:51:36 (Std) 	[ImageManager] Created image: 'TaharezLook/ListboxRight' (08B63178) of type: BasicImage
17/04/2019 02:51:36 (Std) 	[ImageManager] Created image: 'TaharezLook/ListboxTop' (08B634C0) of type: BasicImage
17/04/2019 02:51:36 (Std) 	[ImageManager] Created image: 'TaharezLook/ListboxBottom' (08B80498) of type: BasicImage
17/04/2019 02:51:36 (Std) 	[ImageManager] Created image: 'TaharezLook/ListboxTopLeft' (08B7FF20) of type: BasicImage
17/04/2019 02:51:36 (Std) 	[ImageManager] Created image: 'TaharezLook/ListboxTopRight' (08B80268) of type: BasicImage
17/04/2019 02:51:36 (Std) 	[ImageManager] Created image: 'TaharezLook/ListboxBottomLeft' (08B7FBD8) of type: BasicImage
17/04/2019 02:51:36 (Std) 	[ImageManager] Created image: 'TaharezLook/ListboxBottomRight' (08B7F778) of type: BasicImage
17/04/2019 02:51:36 (Std) 	[ImageManager] Created image: 'TaharezLook/ListboxBackdrop' (08B805B0) of type: BasicImage
17/04/2019 02:51:36 (Std) 	[ImageManager] Created image: 'TaharezLook/ListboxSelectionBrush' (08B806C8) of type: BasicImage
17/04/2019 02:51:36 (Std) 	[ImageManager] Created image: 'TaharezLook/ComboboxEditLeft' (08B7EB70) of type: BasicImage
17/04/2019 02:51:36 (Std) 	[ImageManager] Created image: 'TaharezLook/ComboboxEditMiddle' (08B7FCF0) of type: BasicImage
17/04/2019 02:51:36 (Std) 	[ImageManager] Created image: 'TaharezLook/ComboboxListButtonNormal' (08B7EDA0) of type: BasicImage
17/04/2019 02:51:36 (Std) 	[ImageManager] Created image: 'TaharezLook/ComboboxListButtonHover' (08B7FE08) of type: BasicImage
17/04/2019 02:51:36 (Std) 	[ImageManager] Created image: 'TaharezLook/ComboboxListLeft' (08B80038) of type: BasicImage
17/04/2019 02:51:36 (Std) 	[ImageManager] Created image: 'TaharezLook/ComboboxListRight' (08B80150) of type: BasicImage
17/04/2019 02:51:36 (Std) 	[ImageManager] Created image: 'TaharezLook/ComboboxListTop' (08B7FAC0) of type: BasicImage
17/04/2019 02:51:36 (Std) 	[ImageManager] Created image: 'TaharezLook/ComboboxListBottom' (08B80380) of type: BasicImage
17/04/2019 02:51:36 (Std) 	[ImageManager] Created image: 'TaharezLook/ComboboxListTopLeft' (08B7F660) of type: BasicImage
17/04/2019 02:51:36 (Std) 	[ImageManager] Created image: 'TaharezLook/ComboboxListTopRight' (08B7F0E8) of type: BasicImage
17/04/2019 02:51:36 (Std) 	[ImageManager] Created image: 'TaharezLook/ComboboxListBottomLeft' (08B7E828) of type: BasicImage
17/04/2019 02:51:36 (Std) 	[ImageManager] Created image: 'TaharezLook/ComboboxListBottomRight' (08B7E940) of type: BasicImage
17/04/2019 02:51:36 (Std) 	[ImageManager] Created image: 'TaharezLook/ComboboxListBackdrop' (08B7F200) of type: BasicImage
17/04/2019 02:51:36 (Std) 	[ImageManager] Created image: 'TaharezLook/ComboboxSelectionBrush' (08B7F890) of type: BasicImage
17/04/2019 02:51:36 (Std) 	[ImageManager] Created image: 'TaharezLook/ComboboxDividerLeft' (08B7F548) of type: BasicImage
17/04/2019 02:51:36 (Std) 	[ImageManager] Created image: 'TaharezLook/ComboboxDividerMiddle' (08B7EEB8) of type: BasicImage
17/04/2019 02:51:36 (Std) 	[ImageManager] Created image: 'TaharezLook/ComboboxDividerRight' (08B7EA58) of type: BasicImage
17/04/2019 02:51:36 (Std) 	[ImageManager] Created image: 'TaharezLook/HeaderBarBackdropNormal' (08B7EC88) of type: BasicImage
17/04/2019 02:51:36 (Std) 	[ImageManager] Created image: 'TaharezLook/HeaderBarBackdropHover' (08B7EFD0) of type: BasicImage
17/04/2019 02:51:36 (Std) 	[ImageManager] Created image: 'TaharezLook/HeaderBarSplitterNormal' (08B7F318) of type: BasicImage
17/04/2019 02:51:36 (Std) 	[ImageManager] Created image: 'TaharezLook/HeaderBarSplitterHover' (08B7F430) of type: BasicImage
17/04/2019 02:51:36 (Std) 	[ImageManager] Created image: 'TaharezLook/HeaderBarSortUp' (08B7F9A8) of type: BasicImage
17/04/2019 02:51:36 (Std) 	[ImageManager] Created image: 'TaharezLook/HeaderBarSortDown' (08B82C98) of type: BasicImage
17/04/2019 02:51:36 (Std) 	[ImageManager] Created image: 'TaharezLook/MultiListLeft' (08B83F30) of type: BasicImage
17/04/2019 02:51:36 (Std) 	[ImageManager] Created image: 'TaharezLook/MultiListRight' (08B84390) of type: BasicImage
17/04/2019 02:51:36 (Std) 	[ImageManager] Created image: 'TaharezLook/MultiListTop' (08B83788) of type: BasicImage
17/04/2019 02:51:36 (Std) 	[ImageManager] Created image: 'TaharezLook/MultiListBottom' (08B84278) of type: BasicImage
17/04/2019 02:51:36 (Std) 	[ImageManager] Created image: 'TaharezLook/MultiListTopLeft' (08B82838) of type: BasicImage
17/04/2019 02:51:36 (Std) 	[ImageManager] Created image: 'TaharezLook/MultiListTopRight' (08B845C0) of type: BasicImage
17/04/2019 02:51:36 (Std) 	[ImageManager] Created image: 'TaharezLook/MultiListBottomLeft' (08B83210) of type: BasicImage
17/04/2019 02:51:36 (Std) 	[ImageManager] Created image: 'TaharezLook/MultiListBottomRight' (08B83558) of type: BasicImage
17/04/2019 02:51:36 (Std) 	[ImageManager] Created image: 'TaharezLook/MultiListBackdrop' (08B82950) of type: BasicImage
17/04/2019 02:51:36 (Std) 	[ImageManager] Created image: 'TaharezLook/MultiListSelectionBrush' (08B83AD0) of type: BasicImage
17/04/2019 02:51:36 (Std) 	[ImageManager] Created image: 'TaharezLook/AltProgressLeft' (08B83440) of type: BasicImage
17/04/2019 02:51:36 (Std) 	[ImageManager] Created image: 'TaharezLook/AltProgressMiddle' (08B838A0) of type: BasicImage
17/04/2019 02:51:36 (Std) 	[ImageManager] Created image: 'TaharezLook/AltProgressRight' (08B82DB0) of type: BasicImage
17/04/2019 02:51:36 (Std) 	[ImageManager] Created image: 'TaharezLook/AltProgressQuarter' (08B84048) of type: BasicImage
17/04/2019 02:51:36 (Std) 	[ImageManager] Created image: 'TaharezLook/AltProgressHalf' (08B82EC8) of type: BasicImage
17/04/2019 02:51:36 (Std) 	[ImageManager] Created image: 'TaharezLook/AltProgressLight1' (08B839B8) of type: BasicImage
17/04/2019 02:51:36 (Std) 	[ImageManager] Created image: 'TaharezLook/AltProgressLight2' (08B83BE8) of type: BasicImage
17/04/2019 02:51:36 (Std) 	[ImageManager] Created image: 'TaharezLook/AltProgressLight3' (08B82FE0) of type: BasicImage
17/04/2019 02:51:36 (Std) 	[ImageManager] Created image: 'TaharezLook/AltProgressLight4' (08B844A8) of type: BasicImage
17/04/2019 02:51:36 (Std) 	[ImageManager] Created image: 'TaharezLook/AltProgressLight5' (08B83D00) of type: BasicImage
17/04/2019 02:51:36 (Std) 	[ImageManager] Created image: 'TaharezLook/AltProgressLight6' (08B83E18) of type: BasicImage
17/04/2019 02:51:36 (Std) 	[ImageManager] Created image: 'TaharezLook/AltProgressLight7' (08B846D8) of type: BasicImage
17/04/2019 02:51:36 (Std) 	[ImageManager] Created image: 'TaharezLook/AltProgressLight8' (08B84160) of type: BasicImage
17/04/2019 02:51:36 (Std) 	[ImageManager] Created image: 'TaharezLook/AltProgressLight9' (08B82A68) of type: BasicImage
17/04/2019 02:51:36 (Std) 	[ImageManager] Created image: 'TaharezLook/AltProgressLight10' (08B82B80) of type: BasicImage
17/04/2019 02:51:36 (Std) 	[ImageManager] Created image: 'TaharezLook/CloseButtonNormal' (08B830F8) of type: BasicImage
17/04/2019 02:51:36 (Std) 	[ImageManager] Created image: 'TaharezLook/CloseButtonHover' (08B83328) of type: BasicImage
17/04/2019 02:51:36 (Std) 	[ImageManager] Created image: 'TaharezLook/CloseButtonPressed' (08B83670) of type: BasicImage
17/04/2019 02:51:36 (Std) 	[ImageManager] Created image: 'TaharezLook/NewCloseButtonNormal' (08B87D10) of type: BasicImage
17/04/2019 02:51:36 (Std) 	[ImageManager] Created image: 'TaharezLook/NewCloseButtonHover' (08B86CA8) of type: BasicImage
17/04/2019 02:51:36 (Std) 	[ImageManager] Created image: 'TaharezLook/NewCloseButtonPressed' (08B88058) of type: BasicImage
17/04/2019 02:51:36 (Std) 	[ImageManager] Created image: 'TaharezLook/MultiLineEditboxLeft' (08B88170) of type: BasicImage
17/04/2019 02:51:36 (Std) 	[ImageManager] Created image: 'TaharezLook/MultiLineEditboxRight' (08B87BF8) of type: BasicImage
17/04/2019 02:51:36 (Std) 	[ImageManager] Created image: 'TaharezLook/MultiLineEditboxTop' (08B86A78) of type: BasicImage
17/04/2019 02:51:36 (Std) 	[ImageManager] Created image: 'TaharezLook/MultiLineEditboxBottom' (08B886E8) of type: BasicImage
17/04/2019 02:51:36 (Std) 	[ImageManager] Created image: 'TaharezLook/MultiLineEditboxTopLeft' (08B88288) of type: BasicImage
17/04/2019 02:51:36 (Std) 	[ImageManager] Created image: 'TaharezLook/MultiLineEditboxTopRight' (08B87108) of type: BasicImage
17/04/2019 02:51:36 (Std) 	[ImageManager] Created image: 'TaharezLook/MultiLineEditboxBottomLeft' (08B86B90) of type: BasicImage
17/04/2019 02:51:36 (Std) 	[ImageManager] Created image: 'TaharezLook/MultiLineEditboxBottomRight' (08B86DC0) of type: BasicImage
17/04/2019 02:51:36 (Std) 	[ImageManager] Created image: 'TaharezLook/MultiLineEditboxBackdrop' (08B883A0) of type: BasicImage
17/04/2019 02:51:36 (Std) 	[ImageManager] Created image: 'TaharezLook/MultiLineEditboxSelectionBrush' (08B884B8) of type: BasicImage
17/04/2019 02:51:36 (Std) 	[ImageManager] Created image: 'TaharezLook/MouseTarget' (08B885D0) of type: BasicImage
17/04/2019 02:51:36 (Std) 	[ImageManager] Created image: 'TaharezLook/MouseArrow' (08B86FF0) of type: BasicImage
17/04/2019 02:51:36 (Std) 	[ImageManager] Created image: 'TaharezLook/MouseMoveCursor' (08B87F40) of type: BasicImage
17/04/2019 02:51:36 (Std) 	[ImageManager] Created image: 'TaharezLook/MouseNoSoCursor' (08B87680) of type: BasicImage
17/04/2019 02:51:36 (Std) 	[ImageManager] Created image: 'TaharezLook/MouseEsWeCursor' (08B86848) of type: BasicImage
17/04/2019 02:51:36 (Std) 	[ImageManager] Created image: 'TaharezLook/MouseNeSwCursor' (08B878B0) of type: BasicImage
17/04/2019 02:51:36 (Std) 	[ImageManager] Created image: 'TaharezLook/MouseNwSeCursor' (08B87450) of type: BasicImage
17/04/2019 02:51:36 (Std) 	[ImageManager] Created image: 'TaharezLook/MouseTextBar' (08B86960) of type: BasicImage
17/04/2019 02:51:36 (Std) 	[ImageManager] Created image: 'TaharezLook/TabHorizontalFiller' (08B86ED8) of type: BasicImage
17/04/2019 02:51:36 (Std) 	[ImageManager] Created image: 'TaharezLook/TabContentPaneUpperLeft' (08B87220) of type: BasicImage
17/04/2019 02:51:36 (Std) 	[ImageManager] Created image: 'TaharezLook/TabContentPaneUpper' (08B87338) of type: BasicImage
17/04/2019 02:51:36 (Std) 	[ImageManager] Created image: 'TaharezLook/TabContentPaneUpperRight' (08B87568) of type: BasicImage
17/04/2019 02:51:36 (Std) 	[ImageManager] Created image: 'TaharezLook/TabContentPaneLeft' (08B87E28) of type: BasicImage
17/04/2019 02:51:36 (Std) 	[ImageManager] Created image: 'TaharezLook/TabContentPaneRight' (08B87798) of type: BasicImage
17/04/2019 02:51:36 (Std) 	[ImageManager] Created image: 'TaharezLook/TabContentPaneLower' (08B879C8) of type: BasicImage
17/04/2019 02:51:36 (Std) 	[ImageManager] Created image: 'TaharezLook/TabContentPaneLowerLeft' (08B87AE0) of type: BasicImage
17/04/2019 02:51:36 (Std) 	[ImageManager] Created image: 'TaharezLook/TabContentPaneLowerRight' (08B24818) of type: BasicImage
17/04/2019 02:51:36 (Std) 	[ImageManager] Created image: 'TaharezLook/TabContentPaneMiddle' (08B23238) of type: BasicImage
17/04/2019 02:51:36 (Std) 	[ImageManager] Created image: 'TaharezLook/TabButtonScrollLeftNormal' (08B24C78) of type: BasicImage
17/04/2019 02:51:36 (Std) 	[ImageManager] Created image: 'TaharezLook/TabButtonScrollRightNormal' (08B243B8) of type: BasicImage
17/04/2019 02:51:36 (Std) 	[ImageManager] Created image: 'TaharezLook/TabButtonScrollLeftHover' (08B24070) of type: BasicImage
17/04/2019 02:51:36 (Std) 	[ImageManager] Created image: 'TaharezLook/TabButtonScrollRightHover' (08B23580) of type: BasicImage
17/04/2019 02:51:36 (Std) 	[ImageManager] Created image: 'TaharezLook/TabButtonLeftNormal' (08B24EA8) of type: BasicImage
17/04/2019 02:51:36 (Std) 	[ImageManager] Created image: 'TaharezLook/TabButtonRightNormal' (08B24188) of type: BasicImage
17/04/2019 02:51:36 (Std) 	[ImageManager] Created image: 'TaharezLook/TabButtonUpperNormal' (08B237B0) of type: BasicImage
17/04/2019 02:51:36 (Std) 	[ImageManager] Created image: 'TaharezLook/TabButtonLowerNormal' (08B24930) of type: BasicImage
17/04/2019 02:51:36 (Std) 	[ImageManager] Created image: 'TaharezLook/TabButtonUpperLeftNormal' (08B23008) of type: BasicImage
17/04/2019 02:51:36 (Std) 	[ImageManager] Created image: 'TaharezLook/TabButtonUpperLeft2Normal' (08B244D0) of type: BasicImage
17/04/2019 02:51:36 (Std) 	[ImageManager] Created image: 'TaharezLook/TabButtonUpperRightNormal' (08B23D28) of type: BasicImage
17/04/2019 02:51:36 (Std) 	[ImageManager] Created image: 'TaharezLook/TabButtonLowerLeftNormal' (08B23350) of type: BasicImage
17/04/2019 02:51:36 (Std) 	[ImageManager] Created image: 'TaharezLook/TabButtonLowerRightNormal' (08B24A48) of type: BasicImage
17/04/2019 02:51:36 (Std) 	[ImageManager] Created image: 'TaharezLook/TabButtonLowerRight2Normal' (08B23E40) of type: BasicImage
17/04/2019 02:51:36 (Std) 	[ImageManager] Created image: 'TaharezLook/TabButtonMiddleNormal' (08B242A0) of type: BasicImage
17/04/2019 02:51:36 (Std) 	[ImageManager] Created image: 'TaharezLook/TabButtonLeftSelected' (08B245E8) of type: BasicImage
17/04/2019 02:51:36 (Std) 	[ImageManager] Created image: 'TaharezLook/TabButtonRightSelected' (08B24D90) of type: BasicImage
17/04/2019 02:51:36 (Std) 	[ImageManager] Created image: 'TaharezLook/TabButtonUpperSelected' (08B24700) of type: BasicImage
17/04/2019 02:51:36 (Std) 	[ImageManager] Created image: 'TaharezLook/TabButtonLowerSelected' (08B24B60) of type: BasicImage
17/04/2019 02:51:36 (Std) 	[ImageManager] Created image: 'TaharezLook/TabButtonUpperLeftSelected' (08B23120) of type: BasicImage
17/04/2019 02:51:36 (Std) 	[ImageManager] Created image: 'TaharezLook/TabButtonUpperRightSelected' (08B23468) of type: BasicImage
17/04/2019 02:51:36 (Std) 	[ImageManager] Created image: 'TaharezLook/TabButtonLowerLeftSelected' (08B23698) of type: BasicImage
17/04/2019 02:51:36 (Std) 	[ImageManager] Created image: 'TaharezLook/TabButtonLowerRightSelected' (08B238C8) of type: BasicImage
17/04/2019 02:51:36 (Std) 	[ImageManager] Created image: 'TaharezLook/TabButtonMiddleSelected' (08B239E0) of type: BasicImage
17/04/2019 02:51:36 (Std) 	[ImageManager] Created image: 'TaharezLook/TooltipTopLeft' (08B23AF8) of type: BasicImage
17/04/2019 02:51:36 (Std) 	[ImageManager] Created image: 'TaharezLook/TooltipTopRight' (08B23C10) of type: BasicImage
17/04/2019 02:51:36 (Std) 	[ImageManager] Created image: 'TaharezLook/TooltipBottomLeft' (08B23F58) of type: BasicImage
17/04/2019 02:51:36 (Std) 	[ImageManager] Created image: 'TaharezLook/TooltipBottomRight' (08B28B70) of type: BasicImage
17/04/2019 02:51:36 (Std) 	[ImageManager] Created image: 'TaharezLook/TooltipLeftEdge' (08B27130) of type: BasicImage
17/04/2019 02:51:36 (Std) 	[ImageManager] Created image: 'TaharezLook/TooltipRightEdge' (08B28EB8) of type: BasicImage
17/04/2019 02:51:36 (Std) 	[ImageManager] Created image: 'TaharezLook/TooltipTopEdge' (08B28940) of type: BasicImage
17/04/2019 02:51:36 (Std) 	[ImageManager] Created image: 'TaharezLook/TooltipBottomEdge' (08B28C88) of type: BasicImage
17/04/2019 02:51:36 (Std) 	[ImageManager] Created image: 'TaharezLook/TooltipMiddle' (08B28A58) of type: BasicImage
17/04/2019 02:51:36 (Std) 	[ImageManager] Created image: 'TaharezLook/MenuTopLeft' (08B277C0) of type: BasicImage
17/04/2019 02:51:36 (Std) 	[ImageManager] Created image: 'TaharezLook/MenuTopRight' (08B27248) of type: BasicImage
17/04/2019 02:51:36 (Std) 	[ImageManager] Created image: 'TaharezLook/MenuBottomLeft' (08B27D38) of type: BasicImage
17/04/2019 02:51:36 (Std) 	[ImageManager] Created image: 'TaharezLook/MenuBottomRight' (08B278D8) of type: BasicImage
17/04/2019 02:51:36 (Std) 	[ImageManager] Created image: 'TaharezLook/MenuLeft' (08B27018) of type: BasicImage
17/04/2019 02:51:36 (Std) 	[ImageManager] Created image: 'TaharezLook/MenuRight' (08B28198) of type: BasicImage
17/04/2019 02:51:36 (Std) 	[ImageManager] Created image: 'TaharezLook/MenuTop' (08B28DA0) of type: BasicImage
17/04/2019 02:51:36 (Std) 	[ImageManager] Created image: 'TaharezLook/MenuBottom' (08B28710) of type: BasicImage
17/04/2019 02:51:36 (Std) 	[ImageManager] Created image: 'TaharezLook/MenuMiddle' (08B282B0) of type: BasicImage
17/04/2019 02:51:36 (Std) 	[ImageManager] Created image: 'TaharezLook/PopupMenuFrameTopLeft' (08B279F0) of type: BasicImage
17/04/2019 02:51:36 (Std) 	[ImageManager] Created image: 'TaharezLook/PopupMenuFrameTopRight' (08B28828) of type: BasicImage
17/04/2019 02:51:36 (Std) 	[ImageManager] Created image: 'TaharezLook/PopupMenuFrameBottomLeft' (08B27B08) of type: BasicImage
17/04/2019 02:51:36 (Std) 	[ImageManager] Created image: 'TaharezLook/PopupMenuFrameBottomRight' (08B283C8) of type: BasicImage
17/04/2019 02:51:36 (Std) 	[ImageManager] Created image: 'TaharezLook/PopupMenuFrameLeft' (08B27C20) of type: BasicImage
17/04/2019 02:51:36 (Std) 	[ImageManager] Created image: 'TaharezLook/PopupMenuFrameRight' (08B27360) of type: BasicImage
17/04/2019 02:51:36 (Std) 	[ImageManager] Created image: 'TaharezLook/PopupMenuFrameTop' (08B27E50) of type: BasicImage
17/04/2019 02:51:36 (Std) 	[ImageManager] Created image: 'TaharezLook/PopupMenuFrameBottom' (08B27478) of type: BasicImage
17/04/2019 02:51:36 (Std) 	[ImageManager] Created image: 'TaharezLook/PopupMenuMiddle' (08B27590) of type: BasicImage
17/04/2019 02:51:36 (Std) 	[ImageManager] Created image: 'TaharezLook/PopupMenuArrowRight' (08B285F8) of type: BasicImage
17/04/2019 02:51:36 (Std) 	[ImageManager] Created image: 'TaharezLook/PopupMenuArrowLeft' (08B276A8) of type: BasicImage
17/04/2019 02:51:36 (Std) 	[ImageManager] Created image: 'TaharezLook/TreeListClosed' (08B28080) of type: BasicImage
17/04/2019 02:51:36 (Std) 	[ImageManager] Created image: 'TaharezLook/TreeListOpened' (08B27F68) of type: BasicImage
17/04/2019 02:51:36 (Std) 	===== Falagard 'root' element: look and feel parsing begins =====
17/04/2019 02:51:36 (Std) 	===== Look and feel parsing completed =====
17/04/2019 02:51:36 (Std) 	No window renderer factories specified for module 'CEGUICoreWindowRendererSet' - adding all available factories...
17/04/2019 02:51:36 (Std) 	Created WindowRendererFactory for 'Core/Button' WindowRenderers.
17/04/2019 02:51:36 (Std) 	WindowRendererFactory 'Core/Button' added. (08B7B3D8)
17/04/2019 02:51:36 (Std) 	Created WindowRendererFactory for 'Core/Default' WindowRenderers.
17/04/2019 02:51:36 (Std) 	WindowRendererFactory 'Core/Default' added. (08B7B4A0)
17/04/2019 02:51:36 (Std) 	Created WindowRendererFactory for 'Core/Editbox' WindowRenderers.
17/04/2019 02:51:36 (Std) 	WindowRendererFactory 'Core/Editbox' added. (08B7B568)
17/04/2019 02:51:36 (Std) 	Created WindowRendererFactory for 'Core/FrameWindow' WindowRenderers.
17/04/2019 02:51:36 (Std) 	WindowRendererFactory 'Core/FrameWindow' added. (08B7BAE0)
17/04/2019 02:51:36 (Std) 	Created WindowRendererFactory for 'Core/ItemEntry' WindowRenderers.
17/04/2019 02:51:36 (Std) 	WindowRendererFactory 'Core/ItemEntry' added. (08B7BC70)
17/04/2019 02:51:36 (Std) 	Created WindowRendererFactory for 'Core/ListHeader' WindowRenderers.
17/04/2019 02:51:36 (Std) 	WindowRendererFactory 'Core/ListHeader' added. (08B7AB40)
17/04/2019 02:51:36 (Std) 	Created WindowRendererFactory for 'Core/ListHeaderSegment' WindowRenderers.
17/04/2019 02:51:36 (Std) 	WindowRendererFactory 'Core/ListHeaderSegment' added. (08B7BF90)
17/04/2019 02:51:36 (Std) 	Created WindowRendererFactory for 'Core/Listbox' WindowRenderers.
17/04/2019 02:51:36 (Std) 	WindowRendererFactory 'Core/Listbox' added. (08B7AF28)
17/04/2019 02:51:36 (Std) 	Created WindowRendererFactory for 'Core/Menubar' WindowRenderers.
17/04/2019 02:51:36 (Std) 	WindowRendererFactory 'Core/Menubar' added. (08B7B630)
17/04/2019 02:51:36 (Std) 	Created WindowRendererFactory for 'Core/MenuItem' WindowRenderers.
17/04/2019 02:51:36 (Std) 	WindowRendererFactory 'Core/MenuItem' added. (08B7B950)
17/04/2019 02:51:36 (Std) 	Created WindowRendererFactory for 'Core/MultiColumnList' WindowRenderers.
17/04/2019 02:51:36 (Std) 	WindowRendererFactory 'Core/MultiColumnList' added. (08B7AFF0)
17/04/2019 02:51:36 (Std) 	Created WindowRendererFactory for 'Core/MultiLineEditbox' WindowRenderers.
17/04/2019 02:51:36 (Std) 	WindowRendererFactory 'Core/MultiLineEditbox' added. (08B7A8E8)
17/04/2019 02:51:36 (Std) 	Created WindowRendererFactory for 'Core/PopupMenu' WindowRenderers.
17/04/2019 02:51:36 (Std) 	WindowRendererFactory 'Core/PopupMenu' added. (08B7ACD0)
17/04/2019 02:51:36 (Std) 	Created WindowRendererFactory for 'Core/ProgressBar' WindowRenderers.
17/04/2019 02:51:36 (Std) 	WindowRendererFactory 'Core/ProgressBar' added. (08B7B248)
17/04/2019 02:51:36 (Std) 	Created WindowRendererFactory for 'Core/ScrollablePane' WindowRenderers.
17/04/2019 02:51:36 (Std) 	WindowRendererFactory 'Core/ScrollablePane' added. (08B7B6F8)
17/04/2019 02:51:36 (Std) 	Created WindowRendererFactory for 'Core/Scrollbar' WindowRenderers.
17/04/2019 02:51:36 (Std) 	WindowRendererFactory 'Core/Scrollbar' added. (08B7B0B8)
17/04/2019 02:51:36 (Std) 	Created WindowRendererFactory for 'Core/Slider' WindowRenderers.
17/04/2019 02:51:36 (Std) 	WindowRendererFactory 'Core/Slider' added. (08B7BD38)
17/04/2019 02:51:36 (Std) 	Created WindowRendererFactory for 'Core/Static' WindowRenderers.
17/04/2019 02:51:36 (Std) 	WindowRendererFactory 'Core/Static' added. (08B7B180)
17/04/2019 02:51:36 (Std) 	Created WindowRendererFactory for 'Core/StaticImage' WindowRenderers.
17/04/2019 02:51:36 (Std) 	WindowRendererFactory 'Core/StaticImage' added. (08B7BE00)
17/04/2019 02:51:36 (Std) 	Created WindowRendererFactory for 'Core/StaticText' WindowRenderers.
17/04/2019 02:51:36 (Std) 	WindowRendererFactory 'Core/StaticText' added. (08B7A9B0)
17/04/2019 02:51:36 (Std) 	Created WindowRendererFactory for 'Core/TabButton' WindowRenderers.
17/04/2019 02:51:36 (Std) 	WindowRendererFactory 'Core/TabButton' added. (08B7BEC8)
17/04/2019 02:51:36 (Std) 	Created WindowRendererFactory for 'Core/TabControl' WindowRenderers.
17/04/2019 02:51:36 (Std) 	WindowRendererFactory 'Core/TabControl' added. (08B7A820)
17/04/2019 02:51:36 (Std) 	Created WindowRendererFactory for 'Core/Titlebar' WindowRenderers.
17/04/2019 02:51:36 (Std) 	WindowRendererFactory 'Core/Titlebar' added. (08B7B310)
17/04/2019 02:51:36 (Std) 	Created WindowRendererFactory for 'Core/ToggleButton' WindowRenderers.
17/04/2019 02:51:36 (Std) 	WindowRendererFactory 'Core/ToggleButton' added. (08B7AA78)
17/04/2019 02:51:36 (Std) 	Created WindowRendererFactory for 'Core/Tooltip' WindowRenderers.
17/04/2019 02:51:36 (Std) 	WindowRendererFactory 'Core/Tooltip' added. (08B7AC08)
17/04/2019 02:51:36 (Std) 	Created WindowRendererFactory for 'Core/ItemListbox' WindowRenderers.
17/04/2019 02:51:36 (Std) 	WindowRendererFactory 'Core/ItemListbox' added. (08B7AD98)
17/04/2019 02:51:36 (Std) 	Created WindowRendererFactory for 'Core/Tree' WindowRenderers.
17/04/2019 02:51:36 (Std) 	WindowRendererFactory 'Core/Tree' added. (08B7AE60)
17/04/2019 02:51:36 (Std) 	Creating falagard mapping for type 'TaharezLook/Label' using base type 'DefaultWindow', window renderer 'Core/Default' Look'N'Feel 'TaharezLook/Label' and RenderEffect ''. (001BD06C)
17/04/2019 02:51:36 (Std) 	Creating falagard mapping for type 'TaharezLook/Button' using base type 'CEGUI/PushButton', window renderer 'Core/Button' Look'N'Feel 'TaharezLook/Button' and RenderEffect ''. (001BD06C)
17/04/2019 02:51:36 (Std) 	Creating falagard mapping for type 'TaharezLook/Checkbox' using base type 'CEGUI/ToggleButton', window renderer 'Core/ToggleButton' Look'N'Feel 'TaharezLook/Checkbox' and RenderEffect ''. (001BD06C)
17/04/2019 02:51:36 (Std) 	Creating falagard mapping for type 'TaharezLook/ImageButton' using base type 'CEGUI/PushButton', window renderer 'Core/Button' Look'N'Feel 'TaharezLook/ImageButton' and RenderEffect ''. (001BD06C)
17/04/2019 02:51:36 (Std) 	Creating falagard mapping for type 'TaharezLook/RadioButton' using base type 'CEGUI/RadioButton', window renderer 'Core/ToggleButton' Look'N'Feel 'TaharezLook/RadioButton' and RenderEffect ''. (001BD06C)
17/04/2019 02:51:36 (Std) 	Creating falagard mapping for type 'TaharezLook/FrameWindow' using base type 'CEGUI/FrameWindow', window renderer 'Core/FrameWindow' Look'N'Feel 'TaharezLook/FrameWindow' and RenderEffect ''. (001BD06C)
17/04/2019 02:51:36 (Std) 	Creating falagard mapping for type 'TaharezLook/Titlebar' using base type 'CEGUI/Titlebar', window renderer 'Core/Titlebar' Look'N'Feel 'TaharezLook/Titlebar' and RenderEffect ''. (001BD06C)
17/04/2019 02:51:36 (Std) 	Creating falagard mapping for type 'TaharezLook/Editbox' using base type 'CEGUI/Editbox', window renderer 'Core/Editbox' Look'N'Feel 'TaharezLook/Editbox' and RenderEffect ''. (001BD06C)
17/04/2019 02:51:36 (Std) 	Creating falagard mapping for type 'TaharezLook/MultiLineEditbox' using base type 'CEGUI/MultiLineEditbox', window renderer 'Core/MultiLineEditbox' Look'N'Feel 'TaharezLook/MultiLineEditbox' and RenderEffect ''. (001BD06C)
17/04/2019 02:51:36 (Std) 	Creating falagard mapping for type 'TaharezLook/Menubar' using base type 'CEGUI/Menubar', window renderer 'Core/Menubar' Look'N'Feel 'TaharezLook/Menubar' and RenderEffect ''. (001BD06C)
17/04/2019 02:51:36 (Std) 	Creating falagard mapping for type 'TaharezLook/PopupMenu' using base type 'CEGUI/PopupMenu', window renderer 'Core/PopupMenu' Look'N'Feel 'TaharezLook/PopupMenu' and RenderEffect ''. (001BD06C)
17/04/2019 02:51:36 (Std) 	Creating falagard mapping for type 'TaharezLook/MenuItem' using base type 'CEGUI/MenuItem', window renderer 'Core/MenuItem' Look'N'Feel 'TaharezLook/MenuItem' and RenderEffect ''. (001BD06C)
17/04/2019 02:51:36 (Std) 	Creating falagard mapping for type 'TaharezLook/AlternateProgressBar' using base type 'CEGUI/ProgressBar', window renderer 'Core/ProgressBar' Look'N'Feel 'TaharezLook/AltProgressBar' and RenderEffect ''. (001BD06C)
17/04/2019 02:51:36 (Std) 	Creating falagard mapping for type 'TaharezLook/ProgressBar' using base type 'CEGUI/ProgressBar', window renderer 'Core/ProgressBar' Look'N'Feel 'TaharezLook/ProgressBar' and RenderEffect ''. (001BD06C)
17/04/2019 02:51:36 (Std) 	Creating falagard mapping for type 'TaharezLook/VUMeter' using base type 'CEGUI/ProgressBar', window renderer 'Core/ProgressBar' Look'N'Feel 'TaharezLook/VUMeter' and RenderEffect ''. (001BD06C)
17/04/2019 02:51:36 (Std) 	Creating falagard mapping for type 'TaharezLook/VerticalScrollbar' using base type 'CEGUI/Scrollbar', window renderer 'Core/Scrollbar' Look'N'Feel 'TaharezLook/VerticalScrollbar' and RenderEffect ''. (001BD06C)
17/04/2019 02:51:36 (Std) 	Creating falagard mapping for type 'TaharezLook/HorizontalScrollbar' using base type 'CEGUI/Scrollbar', window renderer 'Core/Scrollbar' Look'N'Feel 'TaharezLook/HorizontalScrollbar' and RenderEffect ''. (001BD06C)
17/04/2019 02:51:36 (Std) 	Creating falagard mapping for type 'TaharezLook/VerticalScrollbarThumb' using base type 'CEGUI/Thumb', window renderer 'Core/Button' Look'N'Feel 'TaharezLook/VerticalScrollbarThumb' and RenderEffect ''. (001BD06C)
17/04/2019 02:51:36 (Std) 	Creating falagard mapping for type 'TaharezLook/HorizontalScrollbarThumb' using base type 'CEGUI/Thumb', window renderer 'Core/Button' Look'N'Feel 'TaharezLook/HorizontalScrollbarThumb' and RenderEffect ''. (001BD06C)
17/04/2019 02:51:36 (Std) 	Creating falagard mapping for type 'TaharezLook/LargeVerticalScrollbar' using base type 'CEGUI/Scrollbar', window renderer 'Core/Scrollbar' Look'N'Feel 'TaharezLook/LargeVerticalScrollbar' and RenderEffect ''. (001BD06C)
17/04/2019 02:51:36 (Std) 	Creating falagard mapping for type 'TaharezLook/LargeVerticalScrollbarThumb' using base type 'CEGUI/Thumb', window renderer 'Core/Button' Look'N'Feel 'TaharezLook/LargeVerticalScrollbarThumb' and RenderEffect ''. (001BD06C)
17/04/2019 02:51:36 (Std) 	Creating falagard mapping for type 'TaharezLook/TabButton' using base type 'CEGUI/TabButton', window renderer 'Core/TabButton' Look'N'Feel 'TaharezLook/TabButton' and RenderEffect ''. (001BD06C)
17/04/2019 02:51:36 (Std) 	Creating falagard mapping for type 'TaharezLook/TabControl' using base type 'CEGUI/TabControl', window renderer 'Core/TabControl' Look'N'Feel 'TaharezLook/TabControl' and RenderEffect ''. (001BD06C)
17/04/2019 02:51:36 (Std) 	Creating falagard mapping for type 'TaharezLook/TabContentPane' using base type 'DefaultWindow', window renderer 'Core/Default' Look'N'Feel 'TaharezLook/TabContentPane' and RenderEffect ''. (001BD06C)
17/04/2019 02:51:36 (Std) 	Creating falagard mapping for type 'TaharezLook/TabButtonPane' using base type 'DefaultWindow', window renderer 'Core/Default' Look'N'Feel 'TaharezLook/TabButtonPane' and RenderEffect ''. (001BD06C)
17/04/2019 02:51:36 (Std) 	Creating falagard mapping for type 'TaharezLook/ComboDropList' using base type 'CEGUI/ComboDropList', window renderer 'Core/Listbox' Look'N'Feel 'TaharezLook/ComboDropList' and RenderEffect ''. (001BD06C)
17/04/2019 02:51:36 (Std) 	Creating falagard mapping for type 'TaharezLook/ComboEditbox' using base type 'CEGUI/Editbox', window renderer 'Core/Editbox' Look'N'Feel 'TaharezLook/ComboEditbox' and RenderEffect ''. (001BD06C)
17/04/2019 02:51:36 (Std) 	Creating falagard mapping for type 'TaharezLook/Combobox' using base type 'CEGUI/Combobox', window renderer 'Core/Default' Look'N'Feel 'TaharezLook/Combobox' and RenderEffect ''. (001BD06C)
17/04/2019 02:51:36 (Std) 	Creating falagard mapping for type 'TaharezLook/Listbox' using base type 'CEGUI/Listbox', window renderer 'Core/Listbox' Look'N'Feel 'TaharezLook/Listbox' and RenderEffect ''. (001BD06C)
17/04/2019 02:51:36 (Std) 	Creating falagard mapping for type 'TaharezLook/ListHeader' using base type 'CEGUI/ListHeader', window renderer 'Core/ListHeader' Look'N'Feel 'TaharezLook/ListHeader' and RenderEffect ''. (001BD06C)
17/04/2019 02:51:36 (Std) 	Creating falagard mapping for type 'TaharezLook/ListHeaderSegment' using base type 'CEGUI/ListHeaderSegment', window renderer 'Core/ListHeaderSegment' Look'N'Feel 'TaharezLook/ListHeaderSegment' and RenderEffect ''. (001BD06C)
17/04/2019 02:51:36 (Std) 	Creating falagard mapping for type 'TaharezLook/MultiColumnList' using base type 'CEGUI/MultiColumnList', window renderer 'Core/MultiColumnList' Look'N'Feel 'TaharezLook/MultiColumnList' and RenderEffect ''. (001BD06C)
17/04/2019 02:51:36 (Std) 	Creating falagard mapping for type 'TaharezLook/Slider' using base type 'CEGUI/Slider', window renderer 'Core/Slider' Look'N'Feel 'TaharezLook/Slider' and RenderEffect ''. (001BD06C)
17/04/2019 02:51:36 (Std) 	Creating falagard mapping for type 'TaharezLook/SliderThumb' using base type 'CEGUI/Thumb', window renderer 'Core/Button' Look'N'Feel 'TaharezLook/SliderThumb' and RenderEffect ''. (001BD06C)
17/04/2019 02:51:36 (Std) 	Creating falagard mapping for type 'TaharezLook/ScrollablePane' using base type 'CEGUI/ScrollablePane', window renderer 'Core/ScrollablePane' Look'N'Feel 'TaharezLook/ScrollablePane' and RenderEffect ''. (001BD06C)
17/04/2019 02:51:36 (Std) 	Creating falagard mapping for type 'TaharezLook/Spinner' using base type 'CEGUI/Spinner', window renderer 'Core/Default' Look'N'Feel 'TaharezLook/Spinner' and RenderEffect ''. (001BD06C)
17/04/2019 02:51:36 (Std) 	Creating falagard mapping for type 'TaharezLook/Tooltip' using base type 'CEGUI/Tooltip', window renderer 'Core/Tooltip' Look'N'Feel 'TaharezLook/Tooltip' and RenderEffect ''. (001BD06C)
17/04/2019 02:51:36 (Std) 	Creating falagard mapping for type 'TaharezLook/StaticImage' using base type 'DefaultWindow', window renderer 'Core/StaticImage' Look'N'Feel 'TaharezLook/StaticImage' and RenderEffect ''. (001BD06C)
17/04/2019 02:51:36 (Std) 	Creating falagard mapping for type 'TaharezLook/StaticText' using base type 'DefaultWindow', window renderer 'Core/StaticText' Look'N'Feel 'TaharezLook/StaticText' and RenderEffect ''. (001BD06C)
17/04/2019 02:51:36 (Std) 	Creating falagard mapping for type 'TaharezLook/ItemListbox' using base type 'CEGUI/ItemListbox', window renderer 'Core/ItemListbox' Look'N'Feel 'TaharezLook/ItemListbox' and RenderEffect ''. (001BD06C)
17/04/2019 02:51:36 (Std) 	Creating falagard mapping for type 'TaharezLook/ListboxItem' using base type 'CEGUI/ItemEntry', window renderer 'Core/ItemEntry' Look'N'Feel 'TaharezLook/ListboxItem' and RenderEffect ''. (001BD06C)
17/04/2019 02:51:36 (Std) 	Creating falagard mapping for type 'TaharezLook/GroupBox' using base type 'DefaultWindow', window renderer 'Core/Default' Look'N'Feel 'TaharezLook/GroupBox' and RenderEffect ''. (001BD06C)
17/04/2019 02:51:36 (Std) 	Creating falagard mapping for type 'TaharezLook/Tree' using base type 'CEGUI/Tree', window renderer 'Core/Tree' Look'N'Feel 'TaharezLook/Tree' and RenderEffect ''. (001BD06C)
17/04/2019 02:51:36 (Std) 	[OpenGLRenderer] Created texture: DejaVuSans-10_auto_glyph_images_32
