  ContinuumEngine.cpp
  Camera.cpp
  Debug.cpp
  Main.cpp
  Window.cpp
  Timer.cpp
  MouseEventListener.cpp
c:\users\ariel\desktop\projects\continuumengine_v0.00\continuumengine_v0.00\engine\framework\eventlistener\mouseeventlistener.cpp(72): warning C4244: '=': conversion from 'T' to 'int', possible loss of data
          with
          [
              T=float
          ]
  EventListener.cpp
  LightSource.cpp
  ShaderHandler.cpp
  TextureHandler.cpp
c:\users\ariel\desktop\projects\continuumengine_v0.00\continuumengine_v0.00\engine\renderer\graphics\texturehandler.cpp(46): warning C4244: '=': conversion from 'int' to 'float', possible loss of data
c:\users\ariel\desktop\projects\continuumengine_v0.00\continuumengine_v0.00\engine\renderer\graphics\texturehandler.cpp(47): warning C4244: '=': conversion from 'int' to 'float', possible loss of data
c:\users\ariel\desktop\projects\continuumengine_v0.00\continuumengine_v0.00\engine\renderer\graphics\texturehandler.cpp(52): warning C4553: '==': result of expression not used; did you intend '='?
  GameObject.cpp
  LoadOBJModel.cpp
c:\users\ariel\desktop\projects\continuumengine_v0.00\continuumengine_v0.00\engine\renderer\gameobject\loadobjmodel.cpp(48): warning C4244: '=': conversion from 'double' to 'float', possible loss of data
c:\users\ariel\desktop\projects\continuumengine_v0.00\continuumengine_v0.00\engine\renderer\gameobject\loadobjmodel.cpp(51): warning C4244: '=': conversion from 'double' to 'float', possible loss of data
c:\users\ariel\desktop\projects\continuumengine_v0.00\continuumengine_v0.00\engine\renderer\gameobject\loadobjmodel.cpp(54): warning C4244: '=': conversion from 'double' to 'float', possible loss of data
c:\users\ariel\desktop\projects\continuumengine_v0.00\continuumengine_v0.00\engine\renderer\gameobject\loadobjmodel.cpp(57): warning C4244: '=': conversion from 'double' to 'float', possible loss of data
c:\users\ariel\desktop\projects\continuumengine_v0.00\continuumengine_v0.00\engine\renderer\gameobject\loadobjmodel.cpp(60): warning C4244: '=': conversion from 'double' to 'float', possible loss of data
c:\users\ariel\desktop\projects\continuumengine_v0.00\continuumengine_v0.00\engine\renderer\gameobject\loadobjmodel.cpp(63): warning C4244: '=': conversion from 'double' to 'float', possible loss of data
c:\users\ariel\desktop\projects\continuumengine_v0.00\continuumengine_v0.00\engine\renderer\gameobject\loadobjmodel.cpp(90): warning C4018: '<': signed/unsigned mismatch
  Mesh.cpp
c:\users\ariel\desktop\projects\continuumengine_v0.00\continuumengine_v0.00\engine\renderer\gameobject\mesh.cpp(72): warning C4018: '<': signed/unsigned mismatch
  Model.cpp
c:\users\ariel\desktop\projects\continuumengine_v0.00\continuumengine_v0.00\engine\renderer\gameobject\model.cpp(66): warning C4018: '<': signed/unsigned mismatch
  Game.cpp
  Generating Code...
c:\users\ariel\desktop\projects\continuumengine_v0.00\continuumengine_v0.00\engine\globalelements\timer.cpp(32): warning C4715: 'Timer::GetSleepTime': not all control paths return a value
  ContinuumEngine_v0.00.vcxproj -> C:\Users\Ariel\Desktop\Projects\ContinuumEngine_v0.00\Debug\ContinuumEngine_v0.00.exe
